[2019-05-24 10:03:09,406] multiqc                                            [DEBUG  ]  No MultiQC config found: /home/srlab/.local/lib/python2.7/site-packages/multiqc_config.yaml
[2019-05-24 10:03:09,406] multiqc                                            [DEBUG  ]  No MultiQC config found: /home/srlab/.multiqc_config.yaml
[2019-05-24 10:03:09,406] multiqc                                            [DEBUG  ]  No MultiQC config found: multiqc_config.yaml
[2019-05-24 10:03:09,406] multiqc                                            [DEBUG  ]  Command used: /home/srlab/.local/bin/multiqc .
[2019-05-24 10:03:09,406] multiqc                                            [DEBUG  ]  Could not connect to multiqc.info for version check
[2019-05-24 10:03:09,407] multiqc                                            [INFO   ]  This is MultiQC v0.9
[2019-05-24 10:03:09,407] multiqc                                            [DEBUG  ]  Command     : /home/srlab/.local/bin/multiqc .
[2019-05-24 10:03:09,407] multiqc                                            [DEBUG  ]  Working dir : /home/srlab/FROGER/RAW/hardtrim/bismarkout_individual
[2019-05-24 10:03:09,407] multiqc                                            [INFO   ]  Template    : default
[2019-05-24 10:03:09,407] multiqc                                            [INFO   ]  Searching '.'
[2019-05-24 10:03:09,407] multiqc                                            [DEBUG  ]  Analysing modules: gatk, htseq, custom_content, peddy, quast, snpeff, qualimap, bcftools, featureCounts, methylQA, rseqc, picard, preseq, prokka, samblaster, samtools, bamtools, bismark, hicup, salmon, kallisto, slamdunk, star, tophat, bowtie2, bowtie1, cutadapt, trimmomatic, skewer, fastq_screen, fastqc
[2019-05-24 10:03:09,407] multiqc                                            [DEBUG  ]  Using temporary directory for creating report: /tmp/tmpTzuxTv
[2019-05-24 10:03:09,411] multiqc                                            [DEBUG  ]  Ignoring file as matched an ignore pattern: 6_36_S36_trimmed_1P_bismark_bt2_pe.bam
[2019-05-24 10:03:09,414] multiqc                                            [DEBUG  ]  Ignoring file as matched an ignore pattern: 3_27_S27_trimmed_1P_bismark_bt2_pe.bam
[2019-05-24 10:03:09,414] multiqc                                            [DEBUG  ]  Ignoring file as matched an ignore pattern: 10_32_S32_trimmed_1P_bismark_bt2_pe.bam
[2019-05-24 10:03:09,414] multiqc                                            [DEBUG  ]  Ignoring file as matched an ignore pattern: 11_37_S37_trimmed_1P_bismark_bt2_pe.bam
[2019-05-24 10:03:09,414] multiqc                                            [DEBUG  ]  Ignoring file as matched an ignore pattern: 18_10_S10_trimmed_1P_bismark_bt2_pe.bam
[2019-05-24 10:03:09,414] multiqc                                            [DEBUG  ]  Ignoring file as matched an ignore pattern: 16_40_S40_trimmed_1P_bismark_bt2_pe.bam
[2019-05-24 10:03:09,415] multiqc                                            [DEBUG  ]  Ignoring file as matched an ignore pattern: 19_7_S7_trimmed_1P_bismark_bt2_pe.bam
[2019-05-24 10:03:09,415] multiqc                                            [DEBUG  ]  Ignoring file as matched an ignore pattern: 17_9_S9_trimmed_1P_bismark_bt2_pe.bam
[2019-05-24 10:03:09,415] multiqc                                            [DEBUG  ]  Ignoring file as matched an ignore pattern: 13_33_S33_trimmed_1P_bismark_bt2_pe.bam
[2019-05-24 10:03:09,415] multiqc                                            [DEBUG  ]  Ignoring file as matched an ignore pattern: 12_38_S38_trimmed_1P_bismark_bt2_pe.bam
[2019-05-24 10:03:09,415] multiqc                                            [DEBUG  ]  Ignoring file as matched an ignore pattern: 9_31_S31_trimmed_1P_bismark_bt2_pe.bam
[2019-05-24 10:03:09,416] multiqc                                            [DEBUG  ]  Ignoring file as matched an ignore pattern: 1_25_S25_trimmed_1P_bismark_bt2_pe.bam
[2019-05-24 10:03:09,416] multiqc                                            [DEBUG  ]  Ignoring file as matched an ignore pattern: 14_34_S34_trimmed_1P_bismark_bt2_pe.bam
[2019-05-24 10:03:09,416] multiqc                                            [DEBUG  ]  Ignoring file as matched an ignore pattern: 4_28_S28_trimmed_1P_bismark_bt2_pe.bam
[2019-05-24 10:03:09,416] multiqc                                            [DEBUG  ]  Ignoring file as matched an ignore pattern: 5_35_S35_trimmed_1P_bismark_bt2_pe.bam
[2019-05-24 10:03:09,416] multiqc                                            [DEBUG  ]  Ignoring file as matched an ignore pattern: 7_29_S29_trimmed_1P_bismark_bt2_pe.bam
[2019-05-24 10:03:09,416] multiqc                                            [DEBUG  ]  Ignoring file as matched an ignore pattern: 15_39_S39_trimmed_1P_bismark_bt2_pe.bam
[2019-05-24 10:03:09,416] multiqc                                            [DEBUG  ]  Ignoring file as matched an ignore pattern: 2_26_S26_trimmed_1P_bismark_bt2_pe.bam
[2019-05-24 10:03:09,417] multiqc                                            [DEBUG  ]  Ignoring file as matched an ignore pattern: 20_8_S8_trimmed_1P_bismark_bt2_pe.bam
[2019-05-24 10:03:09,417] multiqc                                            [DEBUG  ]  Ignoring file as matched an ignore pattern: 8_30_S30_trimmed_1P_bismark_bt2_pe.bam
[2019-05-24 10:03:09,423] multiqc.modules.gatk.gatk                          [DEBUG  ]  Could not find any reports in ('.',)
[2019-05-24 10:03:09,429] multiqc.modules.htseq.htseq                        [DEBUG  ]  Could not find any reports in ('.',)
[2019-05-24 10:03:09,434] multiqc.modules.custom_content.custom_content      [DEBUG  ]  No custom content found
[2019-05-24 10:03:09,442] multiqc.modules.peddy.peddy                        [DEBUG  ]  Could not find any reports in ('.',)
[2019-05-24 10:03:09,446] multiqc.modules.quast.quast                        [DEBUG  ]  Could not find any reports in ('.',)
[2019-05-24 10:03:09,452] multiqc.modules.snpeff.snpeff                      [DEBUG  ]  Could not find any data in ('.',)
[2019-05-24 10:03:09,455] multiqc.modules.qualimap.QM_BamQC                  [DEBUG  ]  Using default Qualimap thresholds: 1, 5, 10, 30, 50
[2019-05-24 10:03:09,463] multiqc.modules.qualimap.qualimap                  [DEBUG  ]  Could not find any reports in ('.',)
[2019-05-24 10:03:09,470] multiqc.modules.bcftools.bcftools                  [DEBUG  ]  Could not find any reports in ('.',)
[2019-05-24 10:03:09,473] multiqc.modules.featureCounts.feature_counts       [DEBUG  ]  Could not find any reports in ('.',)
[2019-05-24 10:03:09,477] multiqc.modules.methylQA.methylQA                  [DEBUG  ]  Could not find any reports in ('.',)
[2019-05-24 10:03:09,502] multiqc.modules.rseqc.rseqc                        [DEBUG  ]  Could not find any reports in ('.',)
[2019-05-24 10:03:09,534] multiqc.modules.picard.picard                      [DEBUG  ]  Could not find any reports in ('.',)
[2019-05-24 10:03:09,541] multiqc.modules.preseq.preseq                      [DEBUG  ]  Could not find any preseq data in ('.',)
[2019-05-24 10:03:09,546] multiqc.modules.prokka.prokka                      [DEBUG  ]  Could not find any Prokka data in ('.',)
[2019-05-24 10:03:09,552] multiqc.modules.samblaster.samblaster              [DEBUG  ]  Could not find any data in ('.',)
[2019-05-24 10:03:09,567] multiqc.modules.samtools.samtools                  [DEBUG  ]  Could not find any reports in ('.',)
[2019-05-24 10:03:09,573] multiqc.modules.bamtools.bamtools                  [DEBUG  ]  Could not find any reports in ('.',)
[2019-05-24 10:03:09,594] multiqc.modules.bismark.bismark                    [INFO   ]  Found 20 bismark alignment reports
[2019-05-24 10:03:09,598] multiqc.modules.hicup.hicup                        [DEBUG  ]  Could not find any HiCUP data in ('.',)
[2019-05-24 10:03:09,604] multiqc.modules.salmon.salmon                      [DEBUG  ]  Could not find any Salmon data in ('.',)
[2019-05-24 10:03:09,610] multiqc.modules.kallisto.kallisto                  [DEBUG  ]  Could not find any reports in ('.',)
[2019-05-24 10:03:09,633] multiqc.modules.slamdunk.slamdunk                  [DEBUG  ]  No slamdunk reports found.
[2019-05-24 10:03:09,638] multiqc.modules.star.star                          [DEBUG  ]  Could not find any reports in ('.',)
[2019-05-24 10:03:09,642] multiqc.modules.tophat.tophat                      [DEBUG  ]  Could not find any reports in ('.',)
[2019-05-24 10:03:09,648] multiqc.modules.bowtie2.bowtie2                    [DEBUG  ]  Could not find any reports in ('.',)
[2019-05-24 10:03:09,654] multiqc.modules.bowtie1.bowtie1                    [DEBUG  ]  Could not find any reports in ('.',)
[2019-05-24 10:03:09,660] multiqc.modules.cutadapt.cutadapt                  [DEBUG  ]  Could not find any reports in ('.',)
[2019-05-24 10:03:09,666] multiqc.modules.trimmomatic.trimmomatic            [DEBUG  ]  Could not find any Trimmomatic data in ('.',)
[2019-05-24 10:03:09,672] multiqc.modules.skewer.skewer                      [DEBUG  ]  Could not find any data in ('.',)
[2019-05-24 10:03:09,676] multiqc.modules.fastq_screen.fastq_screen          [DEBUG  ]  Could not find any reports in ('.',)
[2019-05-24 10:03:09,681] multiqc.modules.fastqc.fastqc                      [DEBUG  ]  Could not find any reports in ('.',)
[2019-05-24 10:03:09,683] multiqc                                            [INFO   ]  Report      : multiqc_report.html
[2019-05-24 10:03:09,683] multiqc                                            [INFO   ]  Data        : multiqc_data
[2019-05-24 10:03:09,683] multiqc                                            [DEBUG  ]  Moving data file from '/tmp/tmpTzuxTv/multiqc_data/multiqc_bismark_alignment.txt' to '/home/srlab/FROGER/RAW/hardtrim/bismarkout_individual/multiqc_data'
[2019-05-24 10:03:09,683] multiqc                                            [DEBUG  ]  Moving data file from '/tmp/tmpTzuxTv/multiqc_data/multiqc_sources.txt' to '/home/srlab/FROGER/RAW/hardtrim/bismarkout_individual/multiqc_data'
[2019-05-24 10:03:09,683] multiqc                                            [DEBUG  ]  Moving data file from '/tmp/tmpTzuxTv/multiqc_data/multiqc_general_stats.txt' to '/home/srlab/FROGER/RAW/hardtrim/bismarkout_individual/multiqc_data'
[2019-05-24 10:03:09,817] multiqc                                            [INFO   ]  MultiQC complete
