NC_035780.1	446144	451086	peroxisome proliferator-activated receptor delta-like 	NC_035780.1	444906	453310	CpGoe_gene	4942
NC_035780.1	985090	995276	SWI/SNF complex subunit SMARCC2-like 	NC_035780.1	984470	995318	CpGoe_gene	10186
NC_035780.1	2554484	2590703	RNA polymerase-associated protein CTR9 homolog 	NC_035780.1	2554180	2599559	CpGoe_gene	36219
NC_035780.1	3559575	3564501	TNF receptor-associated factor 6-like isoform X1 	NC_035780.1	3559447	3572274	CpGoe_gene	4926
NC_035780.1	4690300	4694341	TNF receptor-associated factor 6-like isoform X1 	NC_035780.1	4681703	4694463	CpGoe_gene	4041
NC_035780.1	7016473	7018475	LOW QUALITY PROTEIN: SAM pointed domain-containing Ets transcription factor-like 	NC_035780.1	7016303	7018499	CpGoe_gene	2002
NC_035780.1	7067853	7070493	LOW QUALITY PROTEIN: DNA-binding protein D-ETS-4-like 	NC_035780.1	7067803	7070871	CpGoe_gene	2640
NC_035780.1	7387788	7406899	HDMs	NC_035780.1	7386722	7414898	CpGoe_gene	19111
NC_035780.1	8189970	8194323	cyclic AMP-dependent transcription factor ATF-7-like 	NC_035780.1	8189590	8196705	CpGoe_gene	4353
NC_035780.1	8261697	8286565	LOW QUALITY PROTEIN: bromodomain adjacent to zinc finger domain protein 2B-like 	NC_035780.1	8260033	8287945	CpGoe_gene	24868
NC_035780.1	9701200	9731966	zinc finger protein GLI4-like 	NC_035780.1	9683949	9734765	CpGoe_gene	30766
NC_035780.1	9701200	9731966	zinc finger protein GLI4-like 	NC_035780.1	9684446	9710017	CpGoe_gene	8817
NC_035780.1	12499067	12530177	zinc finger protein GLI4-like 	NC_035780.1	12497271	12560411	CpGoe_gene	31110
NC_035780.1	12499067	12530177	zinc finger protein GLI4-like 	NC_035780.1	12522315	12547437	CpGoe_gene	7862
NC_035780.1	15537174	15552582	LOW QUALITY PROTEIN: histone-lysine N-methyltransferase SETDB1-like 	NC_035780.1	15535325	15552673	CpGoe_gene	15408
NC_035780.1	17098052	17109626	LOW QUALITY PROTEIN: transcriptional activator protein Pur-beta-B-like 	NC_035780.1	17095717	17109717	CpGoe_gene	11574
NC_035780.1	20573511	20593996	LOW QUALITY PROTEIN: protein argonaute-2-like 	NC_035780.1	20571016	20597711	CpGoe_gene	20485
NC_035780.1	24206702	24214699	nuclear factor erythroid 2-related factor 2-like isoform X1 	NC_035780.1	24205681	24216658	CpGoe_gene	7997
NC_035780.1	25365847	25396939	DNA-binding protein RFX6-like isoform X1 	NC_035780.1	25364878	25405068	CpGoe_gene	31092
NC_035780.1	27468105	27490504	DNA damage-binding protein 1-like 	NC_035780.1	27467846	27490600	CpGoe_gene	22399
NC_035780.1	27561550	27571853	HATs	NC_035780.1	27561070	27572239	CpGoe_gene	10303
NC_035780.1	29962374	29992477	phosphatidylinositol 4-phosphate 3-kinase C2 domain-containing subunit alpha-like isoform X1 	NC_035780.1	29959863	29998370	CpGoe_gene	30103
NC_035780.1	30832036	30840468	INO80 complex subunit D-like 	NC_035780.1	30830769	30844404	CpGoe_gene	8432
NC_035780.1	41092709	41132273	Serine/arginine-rich splicing factor 7-like	NC_035780.1	41104405	41106328	CpGoe_gene	1923
NC_035780.1	41092709	41132273	Serine/arginine-rich splicing factor 7-like	NC_035780.1	41092708	41132273	CpGoe_gene	39564
NC_035780.1	41212649	41226874	Serine/arginine-rich splicing factor 7-like	NC_035780.1	41212696	41226874	CpGoe_gene	14178
NC_035780.1	42529551	42540914	TRAF3-interacting protein 1-like 	NC_035780.1	42529423	42541070	CpGoe_gene	11363
NC_035780.1	42952751	42989712	HMTs	NC_035780.1	42952632	42992596	CpGoe_gene	36961
NC_035780.1	42952751	42989712	LOW QUALITY PROTEIN: histone-lysine N-methyltransferase 2C-like 	NC_035780.1	42952632	42992596	CpGoe_gene	36961
NC_035780.1	45043044	45047609	14-3-3-like protein 2 isoform X1 	NC_035780.1	45042013	45047719	CpGoe_gene	4565
NC_035780.1	48031257	48037852	ruvB-like 2 	NC_035780.1	48031001	48039699	CpGoe_gene	6595
NC_035780.1	49787410	49792633	ruvB-like 2 	NC_035780.1	49787301	49794465	CpGoe_gene	5223
NC_035780.1	55358569	55366320	LOW QUALITY PROTEIN: nucleosome assembly protein 1-like 1 	NC_035780.1	55358341	55369092	CpGoe_gene	7751
NC_035780.1	59999465	60005482	zygotic DNA replication licensing factor mcm6-B-like 	NC_035780.1	59999326	60006536	CpGoe_gene	6017
NC_035780.1	61329810	61344923	LOW QUALITY PROTEIN: chromodomain-helicase-DNA-binding protein 1-like 	NC_035780.1	61328614	61344971	CpGoe_gene	15113
NC_035780.1	61422764	61429271	LOW QUALITY PROTEIN: 26S proteasome non-ATPase regulatory subunit 2-like 	NC_035780.1	61422633	61430151	CpGoe_gene	6507
NC_035780.1	62638411	62647222	double-strand-break repair protein rad21 homolog isoform X1 	NC_035780.1	62637696	62649547	CpGoe_gene	8811
NC_035780.1	63003407	63006764	rho-related protein racA-like 	NC_035780.1	63002259	63007164	CpGoe_gene	3357
NC_035780.1	64249682	64254214	bifunctional arginine demethylase and lysyl-hydroxylase JMJD6-like 	NC_035780.1	64248937	64254330	CpGoe_gene	4532
NC_035780.1	64567284	64571830	bifunctional arginine demethylase and lysyl-hydroxylase JMJD6-like 	NC_035780.1	64567168	64572562	CpGoe_gene	4546
NC_035781.1	602693	618781	Global transcription activator SNF2L2	NC_035781.1	602692	618781	CpGoe_gene	16088
NC_035781.1	1388021	1391207	HATs	NC_035781.1	1387906	1392045	CpGoe_gene	3186
NC_035781.1	1897709	1901046	HATs	NC_035781.1	1897600	1901808	CpGoe_gene	3337
NC_035781.1	3569782	3614271	Paired box protein Pax-2-B-like	NC_035781.1	3569781	3614271	CpGoe_gene	44489
NC_035781.1	3808100	3839782	Uncharacterized	NC_035781.1	3808099	3839782	CpGoe_gene	31682
NC_035781.1	5838992	5868041	TET	NC_035781.1	5838241	5870635	CpGoe_gene	29049
NC_035781.1	5838992	5868041	TET	NC_035781.1	5847319	5851485	CpGoe_gene	4166
NC_035781.1	10971157	10976670	MacroH2A	NC_035781.1	10971034	10978067	CpGoe_gene	5513
NC_035781.1	12157347	12161658	Vacuolar protein sorting-associated protein 72 homolog	NC_035781.1	12157346	12161658	CpGoe_gene	4311
NC_035781.1	12714743	12715267	H1	NC_035781.1	12713715	12717664	CpGoe_gene	524
NC_035781.1	12717110	12717520	H3	NC_035781.1	12713715	12717664	CpGoe_gene	410
NC_035781.1	12719080	12719391	H4	NC_035781.1	12718932	12719686	CpGoe_gene	311
NC_035781.1	12720611	12720982	H2B	NC_035781.1	12720132	12721022	CpGoe_gene	371
NC_035781.1	12721261	12721635	H2A	NC_035781.1	12721103	12721697	CpGoe_gene	374
NC_035781.1	12723947	12724414	H1	NC_035781.1	12722918	12727072	CpGoe_gene	467
NC_035781.1	12726318	12726728	H3	NC_035781.1	12722918	12727072	CpGoe_gene	410
NC_035781.1	12728290	12728601	H4	NC_035781.1	12728142	12728896	CpGoe_gene	311
NC_035781.1	12729823	12730194	H2B	NC_035781.1	12729177	12730234	CpGoe_gene	371
NC_035781.1	12730473	12730847	H2A	NC_035781.1	12730315	12730909	CpGoe_gene	374
NC_035781.1	12733159	12733683	H1	NC_035781.1	12732131	12736087	CpGoe_gene	524
NC_035781.1	12735530	12735940	H3	NC_035781.1	12732131	12736087	CpGoe_gene	410
NC_035781.1	12737503	12737814	H4	NC_035781.1	12737355	12738109	CpGoe_gene	311
NC_035781.1	12739036	12739407	H2B	NC_035781.1	12738390	12739450	CpGoe_gene	371
NC_035781.1	12739686	12740060	H2A	NC_035781.1	12739542	12740122	CpGoe_gene	374
NC_035781.1	13219550	13230271	Ras-related C3 botulinum toxin substrate 1-like	NC_035781.1	13219549	13230271	CpGoe_gene	10721
NC_035781.1	13468944	13476491	Histone deacetylase 3-like	NC_035781.1	13468943	13476491	CpGoe_gene	7547
NC_035781.1	13469197	13476491	HDACs	NC_035781.1	13468943	13476491	CpGoe_gene	7294
NC_035781.1	13998571	14016753	DNA-directed RNA polymerase III subunit RPC1-like	NC_035781.1	13998570	14016753	CpGoe_gene	18182
NC_035781.1	14152525	14161492	Luc7-like protein 3	NC_035781.1	14152524	14161492	CpGoe_gene	8967
NC_035781.1	14932223	14944287	Wings apart-like protein homolog	NC_035781.1	14932222	14944287	CpGoe_gene	12064
NC_035781.1	14966025	14969255	Uncharacterized	NC_035781.1	14966020	14969255	CpGoe_gene	3230
NC_035781.1	14966025	14969255	Uncharacterized	NC_035781.1	14948008	14977103	CpGoe_gene	3230
NC_035781.1	15122524	15122805	H2Apseudo?	NC_035781.1	15122469	15123761	CpGoe_gene	281
NC_035781.1	15124958	15125482	H1	NC_035781.1	15123781	15128216	CpGoe_gene	524
NC_035781.1	15127215	15127625	H3	NC_035781.1	15123781	15128216	CpGoe_gene	410
NC_035781.1	15129137	15129448	H4	NC_035781.1	15129067	15129774	CpGoe_gene	311
NC_035781.1	15131123	15131494	H2B	NC_035781.1	15131084	15131513	CpGoe_gene	371
NC_035781.1	15131771	15132145	H2A	NC_035781.1	15131631	15132725	CpGoe_gene	374
NC_035781.1	15134296	15134820	H1	NC_035781.1	15133119	15137755	CpGoe_gene	524
NC_035781.1	15136585	15136995	H3	NC_035781.1	15133119	15137755	CpGoe_gene	410
NC_035781.1	15138520	15138831	H4	NC_035781.1	15138450	15139157	CpGoe_gene	311
NC_035781.1	15140506	15140832	H2B	.	-1	-1	.	0
NC_035781.1	15140964	15141338	H2A	NC_035781.1	15140910	15141432	CpGoe_gene	374
NC_035781.1	15143493	15143957	H1	NC_035781.1	15142629	15146927	CpGoe_gene	464
NC_035781.1	15145757	15146167	H3	NC_035781.1	15142629	15146927	CpGoe_gene	410
NC_035781.1	15147685	15147996	H4	NC_035781.1	15147615	15148322	CpGoe_gene	311
NC_035781.1	15149672	15150043	H2B	NC_035781.1	15149634	15150062	CpGoe_gene	371
NC_035781.1	15150320	15150694	H2A	NC_035781.1	15150179	15152420	CpGoe_gene	374
NC_035781.1	15152848	15153372	H1	.	-1	-1	.	0
NC_035781.1	15155106	15155516	H3	NC_035781.1	15154843	15156276	CpGoe_gene	410
NC_035781.1	15157031	15157342	H4	NC_035781.1	15156961	15157668	CpGoe_gene	311
NC_035781.1	15159018	15159389	H2B	NC_035781.1	15158980	15159408	CpGoe_gene	371
NC_035781.1	15159666	15160040	H2A	NC_035781.1	15159525	15161766	CpGoe_gene	374
NC_035781.1	15162194	15162661	H1	.	-1	-1	.	0
NC_035781.1	15164459	15164869	H3	NC_035781.1	15164196	15165629	CpGoe_gene	410
NC_035781.1	15166385	15166696	H4	NC_035781.1	15166315	15167022	CpGoe_gene	311
NC_035781.1	15168372	15168743	H2B	NC_035781.1	15168334	15168762	CpGoe_gene	371
NC_035781.1	15169020	15169394	H2A	NC_035781.1	15168879	15171119	CpGoe_gene	374
NC_035781.1	15171547	15172071	H1	NC_035781.1	15171176	15174982	CpGoe_gene	524
NC_035781.1	15173812	15174222	H3	NC_035781.1	15171176	15174982	CpGoe_gene	410
NC_035781.1	15175742	15176053	H4	NC_035781.1	15175672	15176379	CpGoe_gene	311
NC_035781.1	15177729	15178100	H2B	NC_035781.1	15177691	15178119	CpGoe_gene	371
NC_035781.1	15178377	15178751	H2A	NC_035781.1	15178236	15180476	CpGoe_gene	374
NC_035781.1	15180904	15181428	H1	NC_035781.1	15180533	15184006	CpGoe_gene	524
NC_035781.1	15183169	15183579	H3	NC_035781.1	15180533	15184006	CpGoe_gene	410
NC_035781.1	15185102	15185413	H4	NC_035781.1	15185032	15185739	CpGoe_gene	311
NC_035781.1	15187089	15187427	H2B	NC_035781.1	15187051	15196708	CpGoe_gene	338
NC_035781.1	15187613	15187987	H2A	NC_035781.1	15187051	15196708	CpGoe_gene	374
NC_035781.1	15187613	15187987	H2A	NC_035781.1	15187564	15189713	CpGoe_gene	374
NC_035781.1	15190140	15190664	H1	NC_035781.1	15189760	15193572	CpGoe_gene	524
NC_035781.1	15190140	15190664	H1	NC_035781.1	15187051	15196708	CpGoe_gene	524
NC_035781.1	15192403	15192813	H3	NC_035781.1	15189760	15193572	CpGoe_gene	410
NC_035781.1	15192403	15192813	H3	NC_035781.1	15187051	15196708	CpGoe_gene	410
NC_035781.1	15194330	15194641	H4	NC_035781.1	15194254	15194968	CpGoe_gene	311
NC_035781.1	15194330	15194641	H4	NC_035781.1	15187051	15196708	CpGoe_gene	311
NC_035781.1	15196318	15196689	H2B	NC_035781.1	15187051	15196708	CpGoe_gene	371
NC_035781.1	15196966	15197340	H2A	NC_035781.1	15196825	15199066	CpGoe_gene	374
NC_035781.1	15199493	15199960	H1	NC_035781.1	15199456	15202532	CpGoe_gene	467
NC_035781.1	15201740	15202150	H3	NC_035781.1	15199456	15202532	CpGoe_gene	410
NC_035781.1	15203659	15203970	H4	NC_035781.1	15203589	15204347	CpGoe_gene	311
NC_035781.1	15204982	15205353	H2B	NC_035781.1	15204947	15205395	CpGoe_gene	371
NC_035781.1	15205632	15206006	H2A	NC_035781.1	15205485	15206068	CpGoe_gene	374
NC_035781.1	15354073	15357192	Calreticulin-like	NC_035781.1	15354072	15357192	CpGoe_gene	3119
NC_035781.1	15559235	15568632	Elongator complex protein 3	NC_035781.1	15559234	15568635	CpGoe_gene	9397
NC_035781.1	15574330	15587281	ATP-dependent RNA helicase DDX43	NC_035781.1	15574329	15587281	CpGoe_gene	12951
NC_035781.1	16053373	16061637	Transitional endoplasmic reticulum ATPase	NC_035781.1	16053372	16061636	CpGoe_gene	8263
NC_035781.1	16397718	16416449	Terminal uridylyltransferase 4-like	NC_035781.1	16397728	16416449	CpGoe_gene	18721
NC_035781.1	16690175	16709419	Golgi-specific brefeldin A-resistance guanine nucleotide exchange factor 1-like	NC_035781.1	16690174	16709419	CpGoe_gene	19244
NC_035781.1	17282518	17284579	Doublesex- and mab-3-related transcription factor A2-like	NC_035781.1	17282517	17284579	CpGoe_gene	2061
NC_035781.1	18115860	18125192	Histone-binding protein N1/N2-like	NC_035781.1	18115859	18125192	CpGoe_gene	9332
NC_035781.1	19156263	19163532	Histone-binding protein N1/N2-like	NC_035781.1	19156262	19163527	CpGoe_gene	7264
NC_035781.1	20190184	20206936	Histone acetyltransferase KAT6B-like	NC_035781.1	20190183	20206936	CpGoe_gene	16752
NC_035781.1	20191087	20205910	HATs	NC_035781.1	20190183	20206936	CpGoe_gene	14823
NC_035781.1	22858818	22878923	DNA repair endonuclease XPF-like	NC_035781.1	22858817	22878923	CpGoe_gene	20105
NC_035781.1	23168735	23173139	Double-strand break repair protein MRE11-like	NC_035781.1	23168734	23173139	CpGoe_gene	4404
NC_035781.1	23265239	23282183	Intron-binding protein aquarius-like	NC_035781.1	23265250	23282183	CpGoe_gene	16933
NC_035781.1	23425708	23432543	Histone deacetylase 1-B 	NC_035781.1	23425707	23432543	CpGoe_gene	6835
NC_035781.1	23425783	23432257	HDACs	NC_035781.1	23425707	23432543	CpGoe_gene	6474
NC_035781.1	23676127	23694423	Intron-binding protein aquarius-like	NC_035781.1	23676126	23694410	CpGoe_gene	18283
NC_035781.1	23676127	23694423	Intron-binding protein aquarius-like	NC_035781.1	23547364	23984687	CpGoe_gene	18296
NC_035781.1	23847275	23853974	Histone deacetylase 1-B 	NC_035781.1	23847285	23853974	CpGoe_gene	6689
NC_035781.1	23847275	23853974	Histone deacetylase 1-B 	NC_035781.1	23547364	23984687	CpGoe_gene	6699
NC_035781.1	23847356	23853688	HDACs	NC_035781.1	23847285	23853974	CpGoe_gene	6332
NC_035781.1	23847356	23853688	HDACs	NC_035781.1	23547364	23984687	CpGoe_gene	6332
NC_035781.1	30157378	30164403	Non-specific lipid-transfer protein-like	NC_035781.1	30157377	30164403	CpGoe_gene	7025
NC_035781.1	30169329	30190961	Nipped-B-like protein	NC_035781.1	30169328	30190961	CpGoe_gene	21632
NC_035781.1	30296256	30323229	Zinc finger protein GLIS3-like	NC_035781.1	30296255	30323229	CpGoe_gene	26973
NC_035781.1	30539993	30549338	Structural maintenance of chromosomes protein 2-like	NC_035781.1	30539992	30549338	CpGoe_gene	9345
NC_035781.1	30781806	30790310	DNA excision repair protein ERCC-6-like	NC_035781.1	30781805	30790310	CpGoe_gene	8504
NC_035781.1	31374900	31375415	H1	NC_035781.1	31374265	31375438	CpGoe_gene	515
NC_035781.1	33811698	33812956	H2A.Z	NC_035781.1	33811442	33813290	CpGoe_gene	1258
NC_035781.1	34426750	34428031	H2A.Z	NC_035781.1	34426497	34428360	CpGoe_gene	1281
NC_035781.1	35173749	35174036	H2Apseudo?	NC_035781.1	35173594	35174702	CpGoe_gene	287
NC_035781.1	35175299	35176135	H1	NC_035781.1	35175025	35176177	CpGoe_gene	836
NC_035781.1	35181147	35181557	H3	NC_035781.1	35176253	35183618	CpGoe_gene	410
NC_035781.1	35183134	35183445	H4	NC_035781.1	35176253	35183618	CpGoe_gene	311
NC_035781.1	35184814	35185185	H2B	NC_035781.1	35184720	35185259	CpGoe_gene	371
NC_035781.1	35185450	35185830	H2A	NC_035781.1	35185293	35186448	CpGoe_gene	380
NC_035781.1	37237020	37279014	Protein pangolin	NC_035781.1	37237019	37279014	CpGoe_gene	41994
NC_035781.1	38963872	38964240	H2B	NC_035781.1	38963798	38964600	CpGoe_gene	368
NC_035781.1	38964965	38965333	H2B	.	-1	-1	.	0
NC_035781.1	38968504	38968599	H2B	NC_035781.1	38968375	38969151	CpGoe_gene	95
NC_035781.1	38968510	38968875	H2B	NC_035781.1	38968375	38969151	CpGoe_gene	365
NC_035781.1	38969163	38969531	H2B	NC_035781.1	38969162	38969549	CpGoe_gene	368
NC_035781.1	38972550	38972645	H2B	.	-1	-1	.	0
NC_035781.1	38972634	38972792	H2B	.	-1	-1	.	0
NC_035781.1	39089337	39099945	E3 ubiquitin-protein ligase UHRF1-like	NC_035781.1	39089338	39099945	CpGoe_gene	10607
NC_035781.1	39750089	39767878	E3 ubiquitin-protein ligase UHRF1-like	NC_035781.1	39750101	39767878	CpGoe_gene	17777
NC_035781.1	39871546	39871767	H2B	.	-1	-1	.	0
NC_035781.1	39871756	39871851	H2B	.	-1	-1	.	0
NC_035781.1	39874865	39875233	H2B	NC_035781.1	39874846	39875233	CpGoe_gene	368
NC_035781.1	39874865	39875233	H2B	NC_035781.1	39875231	39876020	CpGoe_gene	2
NC_035781.1	39875521	39875886	H2B	NC_035781.1	39875231	39876020	CpGoe_gene	365
NC_035781.1	39875797	39875892	H2B	NC_035781.1	39875231	39876020	CpGoe_gene	95
NC_035781.1	39879062	39879430	H2B	NC_035781.1	39878511	39879681	CpGoe_gene	368
NC_035781.1	39880155	39880523	H2B	NC_035781.1	39879804	39880591	CpGoe_gene	368
NC_035781.1	42092301	42098261	DNA methyltransferase 1-associated protein 1-like	NC_035781.1	42092300	42098261	CpGoe_gene	5960
NC_035781.1	42092599	42097994	DNMTs	NC_035781.1	42092300	42098261	CpGoe_gene	5395
NC_035781.1	43111303	43114320	Chromobox protein homolog 8-like	NC_035781.1	43111302	43114320	CpGoe_gene	3017
NC_035781.1	43936785	43944143	SOSS complex subunit C-like	NC_035781.1	43936784	43944143	CpGoe_gene	7358
NC_035781.1	44051563	44063075	Lysine-specific demethylase 4C-like	NC_035781.1	44051562	44062248	CpGoe_gene	10685
NC_035781.1	44052206	44062248	HDMs	NC_035781.1	44051562	44062248	CpGoe_gene	10042
NC_035781.1	44136063	44136650	H1	NC_035781.1	44135999	44137372	CpGoe_gene	587
NC_035781.1	44572254	44582191	SOSS complex subunit C-like	NC_035781.1	44572253	44590947	CpGoe_gene	9937
NC_035781.1	44696297	44708432	Lysine-specific demethylase 4C-like	NC_035781.1	44696296	44708432	CpGoe_gene	12135
NC_035781.1	44696940	44707603	HDMs	NC_035781.1	44696296	44708432	CpGoe_gene	10663
NC_035781.1	44772762	44773349	H1	NC_035781.1	44772714	44774071	CpGoe_gene	587
NC_035781.1	46303256	46309447	DNA primase large subunit-like	NC_035781.1	46303255	46309442	CpGoe_gene	6186
NC_035781.1	46583035	46590477	DNA primase large subunit-like	NC_035781.1	46583036	46590477	CpGoe_gene	7441
NC_035781.1	47117253	47130352	Meiotic recombination protein DMC1/LIM15	NC_035781.1	47118333	47120100	CpGoe_gene	1767
NC_035781.1	47117253	47130352	Meiotic recombination protein DMC1/LIM15	NC_035781.1	47117252	47130352	CpGoe_gene	13099
NC_035781.1	47398417	47398791	H2A	NC_035781.1	47398359	47399638	CpGoe_gene	374
NC_035781.1	47400880	47401470	H1	NC_035781.1	47400739	47401544	CpGoe_gene	590
NC_035781.1	47403361	47403771	H3	NC_035781.1	47403345	47406136	CpGoe_gene	410
NC_035781.1	47405410	47405721	H4	NC_035781.1	47403345	47406136	CpGoe_gene	311
NC_035781.1	47407411	47407782	H2B	NC_035781.1	47406445	47407843	CpGoe_gene	371
NC_035781.1	47408057	47408431	H2A	NC_035781.1	47408035	47409530	CpGoe_gene	374
NC_035781.1	47585776	47593011	Eukaryotic translation initiation factor 3 subunit E-like	NC_035781.1	47585775	47593011	CpGoe_gene	7235
NC_035781.1	48642710	48648550	ATP-dependent RNA helicase dbp2-like	NC_035781.1	48642709	48648545	CpGoe_gene	5835
NC_035781.1	49224935	49230771	ATP-dependent RNA helicase dbp2-like	NC_035781.1	49224934	49230771	CpGoe_gene	5836
NC_035781.1	50378264	50384564	Eukaryotic translation initiation factor 3 subunit E-like	NC_035781.1	50378263	50384562	CpGoe_gene	6298
NC_035781.1	50530568	50530942	H2A	NC_035781.1	50529457	50531058	CpGoe_gene	374
NC_035781.1	50531217	50531588	H2B	NC_035781.1	50531154	50536693	CpGoe_gene	371
NC_035781.1	50533189	50533500	H4	NC_035781.1	50531154	50536693	CpGoe_gene	311
NC_035781.1	50533189	50533500	H4	NC_035781.1	50532759	50535555	CpGoe_gene	311
NC_035781.1	50535145	50535555	H3	NC_035781.1	50531154	50536693	CpGoe_gene	410
NC_035781.1	50535145	50535555	H3	NC_035781.1	50532759	50535555	CpGoe_gene	410
NC_035781.1	50538976	50539566	H1	NC_035781.1	50538901	50539706	CpGoe_gene	590
NC_035781.1	50541656	50542030	H2A	NC_035781.1	50540414	50542051	CpGoe_gene	374
NC_035781.1	50542305	50542676	H2B	NC_035781.1	50542243	50547775	CpGoe_gene	371
NC_035781.1	50544277	50544588	H4	NC_035781.1	50542243	50547775	CpGoe_gene	311
NC_035781.1	50546227	50546637	H3	NC_035781.1	50542243	50547775	CpGoe_gene	410
NC_035781.1	50550057	50550647	H1	NC_035781.1	50549982	50550787	CpGoe_gene	590
NC_035781.1	50552737	50553111	H2A	NC_035781.1	50551514	50553132	CpGoe_gene	374
NC_035781.1	50553386	50553757	H2B	NC_035781.1	50553324	50558849	CpGoe_gene	371
NC_035781.1	50555355	50555666	H4	NC_035781.1	50553324	50558849	CpGoe_gene	311
NC_035781.1	50557302	50557712	H3	NC_035781.1	50553324	50558849	CpGoe_gene	410
NC_035781.1	50561262	50561717	H1	NC_035781.1	50561127	50561857	CpGoe_gene	455
NC_035781.1	50563859	50564169	H2A	NC_035781.1	50563788	50564169	CpGoe_gene	310
NC_035781.1	50564447	50564816	H2B	NC_035781.1	50564386	50569894	CpGoe_gene	369
NC_035781.1	50566407	50566717	H4	NC_035781.1	50564386	50569894	CpGoe_gene	310
NC_035781.1	50566407	50566717	H4	NC_035781.1	50566317	50566850	CpGoe_gene	310
NC_035781.1	50568355	50568766	H3	NC_035781.1	50564386	50569894	CpGoe_gene	411
NC_035781.1	50572384	50572764	H1truncada?	NC_035781.1	50572100	50572862	CpGoe_gene	380
NC_035781.1	50574849	50575223	H2A	NC_035781.1	50574602	50575278	CpGoe_gene	374
NC_035781.1	50784624	50795038	Meiotic recombination protein DMC1/LIM15	NC_035781.1	50791959	50793835	CpGoe_gene	1876
NC_035781.1	50784624	50795038	Meiotic recombination protein DMC1/LIM15	NC_035781.1	50784634	50796029	CpGoe_gene	10404
NC_035781.1	52643348	52643894	H3.3	NC_035781.1	52642704	52644355	CpGoe_gene	546
NC_035781.1	52672063	52698357	HMTs	NC_035781.1	52678810	52688805	CpGoe_gene	9995
NC_035781.1	52672063	52698357	HMTs	NC_035781.1	52671789	52698444	CpGoe_gene	26294
NC_035781.1	53190696	53196064	HATs	NC_035781.1	53190363	53196097	CpGoe_gene	5368
NC_035781.1	53216460	53221809	HATs	NC_035781.1	53216377	53221844	CpGoe_gene	5349
NC_035781.1	53513747	53527494	Scaffold attachment factor B2-like	NC_035781.1	53513746	53527494	CpGoe_gene	13747
NC_035781.1	53577804	53590789	Nucleosome-remodeling factor subunit NURF301-like	NC_035781.1	53577803	53590789	CpGoe_gene	12985
NC_035781.1	54812948	54817537	BUB3-interacting and GLEBS motif-containing protein ZNF207-like	NC_035781.1	54812947	54817537	CpGoe_gene	4589
NC_035781.1	61025364	61040438	Terminal uridylyltransferase 4-like	NC_035781.1	61022632	61040438	CpGoe_gene	15074
NC_035781.1	61358458	61379683	Transitional endoplasmic reticulum ATPase	NC_035781.1	61358457	61379663	CpGoe_gene	21205
NC_035782.1	3140473	3187742	 nuclear receptor subfamily 5 group A member 2-like 	NC_035782.1	3140472	3187742	CpGoe_gene	47269
NC_035782.1	4152763	4202085	 nuclear receptor subfamily 5 group A member 2-like 	NC_035782.1	4153996	4202077	CpGoe_gene	48081
NC_035782.1	15937851	15951168	 retinoic acid receptor RXR-like 	NC_035782.1	15937850	15951168	CpGoe_gene	13317
NC_035782.1	16011636	16011922	H2Apseudo	NC_035782.1	16011467	16012008	CpGoe_gene	286
NC_035782.1	16015314	16015722	H3	NC_035782.1	16012964	16015812	CpGoe_gene	408
NC_035782.1	16017870	16018181	H4	NC_035782.1	16017684	16018277	CpGoe_gene	311
NC_035782.1	16019414	16019784	H2B	NC_035782.1	16019146	16019799	CpGoe_gene	370
NC_035782.1	16020049	16020429	H2A	NC_035782.1	16019880	16020931	CpGoe_gene	380
NC_035782.1	16022097	16022687	H1	NC_035782.1	16021621	16024940	CpGoe_gene	590
NC_035782.1	16024376	16024786	H3	NC_035782.1	16021621	16024940	CpGoe_gene	410
NC_035782.1	16027039	16027350	H4	NC_035782.1	16026799	16027628	CpGoe_gene	311
NC_035782.1	16028609	16028980	H2B	NC_035782.1	16028064	16029008	CpGoe_gene	371
NC_035782.1	16029245	16029625	H2A	NC_035782.1	16029006	16030127	CpGoe_gene	380
NC_035782.1	16031376	16031987	H1	NC_035782.1	16030844	16032001	CpGoe_gene	611
NC_035782.1	19206575	19216323	 RNA polymerase-associated protein LEO1-like 	NC_035782.1	19206574	19216323	CpGoe_gene	9748
NC_035782.1	22750772	22751769	H3.3	NC_035782.1	22750510	22751962	CpGoe_gene	997
NC_035782.1	22750772	22751769	H3.3	NC_035782.1	22739822	22753554	CpGoe_gene	997
NC_035782.1	29204038	29207472	 zinc finger matrin-type protein 2-like 	NC_035782.1	29204037	29207472	CpGoe_gene	3434
NC_035782.1	29548581	29573654	 protein split ends-like 	NC_035782.1	29548580	29573654	CpGoe_gene	25073
NC_035782.1	29548581	29573877	 uncharacterized LOC111126659 	NC_035782.1	29548580	29573654	CpGoe_gene	25073
NC_035782.1	30144590	30169444	 protein split ends-like 	NC_035782.1	30144589	30169806	CpGoe_gene	24854
NC_035782.1	30144590	30169806	 uncharacterized LOC111126659 	NC_035782.1	30144589	30169806	CpGoe_gene	25216
NC_035782.1	32847443	32861531	 pancreas/duodenum homeobox protein 1-like 	NC_035782.1	32848122	32849816	CpGoe_gene	1694
NC_035782.1	32847443	32861531	 pancreas/duodenum homeobox protein 1-like 	NC_035782.1	32846906	32861531	CpGoe_gene	14088
NC_035782.1	34830850	34883167	 Krueppel-like factor 6 	NC_035782.1	34830849	34883167	CpGoe_gene	52317
NC_035782.1	36259637	36274371	HATs	NC_035782.1	36259577	36274371	CpGoe_gene	14734
NC_035782.1	37188819	37205037	HATs	NC_035782.1	37189193	37192228	CpGoe_gene	3035
NC_035782.1	38428737	38447599	 transcriptional regulator ATRX-like 	NC_035782.1	38428487	38447578	CpGoe_gene	18841
NC_035782.1	39064231	39083990	 transcriptional regulator ATRX-like 	NC_035782.1	39064230	39083990	CpGoe_gene	19759
NC_035782.1	39739193	39750913	HDACs	NC_035782.1	39736618	39751166	CpGoe_gene	11720
NC_035782.1	39987268	39987630	H2B	NC_035782.1	39987211	39987981	CpGoe_gene	362
NC_035782.1	40123593	40132494	HDACs	NC_035782.1	40120989	40132721	CpGoe_gene	8901
NC_035782.1	40284585	40284947	H2B	NC_035782.1	40284542	40285387	CpGoe_gene	362
NC_035782.1	42132819	42148991	 dual specificity tyrosine-phosphorylation-regulated kinase 1A-like 	NC_035782.1	42132818	42148991	CpGoe_gene	16172
NC_035782.1	46463158	46481635	 lymphocyte-specific helicase-like 	NC_035782.1	46457838	46463177	CpGoe_gene	19
NC_035782.1	46463158	46481635	 lymphocyte-specific helicase-like 	NC_035782.1	46463157	46481635	CpGoe_gene	18477
NC_035782.1	48655394	48689259	HMTs	NC_035782.1	48655387	48690131	CpGoe_gene	33865
NC_035782.1	51633997	51654572	DNMTs	NC_035782.1	51633932	51654948	CpGoe_gene	20575
NC_035782.1	53758754	53778381	 transcription initiation factor TFIID subunit 1-like 	NC_035782.1	53758753	53778381	CpGoe_gene	19627
NC_035782.1	53853748	53860959	 protein SET-like 	NC_035782.1	53853747	53860959	CpGoe_gene	7211
NC_035782.1	54940123	54951809	 upstream stimulatory factor 2-like 	NC_035782.1	54940120	54951809	CpGoe_gene	11686
NC_035782.1	56039413	56052202	 ubiquitin carboxyl-terminal hydrolase isozyme L5-like 	NC_035782.1	56037164	56039457	CpGoe_gene	44
NC_035782.1	56039413	56052202	 ubiquitin carboxyl-terminal hydrolase isozyme L5-like 	NC_035782.1	56039412	56052202	CpGoe_gene	12789
NC_035782.1	57672075	57673729	H2A.X	NC_035782.1	57671798	57673829	CpGoe_gene	1654
NC_035782.1	58211003	58223709	 histone-lysine N-methyltransferase 2D-like 	NC_035782.1	58211002	58223709	CpGoe_gene	12706
NC_035782.1	58211369	58221100	HMTs	NC_035782.1	58211002	58223709	CpGoe_gene	9731
NC_035782.1	61954584	61971777	 DNA topoisomerase 2-beta-like 	NC_035782.1	61954583	61971777	CpGoe_gene	17193
NC_035782.1	62421957	62426563	 paired box protein Pax-6-like 	NC_035782.1	62421956	62426563	CpGoe_gene	4606
NC_035782.1	65487873	65502079	 CREB-binding protein-like 	NC_035782.1	65487872	65502079	CpGoe_gene	14206
NC_035782.1	65510359	65515558	 T-complex protein 1 subunit alpha-like 	NC_035782.1	65510358	65515558	CpGoe_gene	5199
NC_035782.1	65697225	65702421	 T-complex protein 1 subunit alpha-like 	NC_035782.1	65697167	65702422	CpGoe_gene	5196
NC_035782.1	71360543	71364377	HDACs	NC_035782.1	71360314	71364828	CpGoe_gene	3834
NC_035782.1	71437059	71440823	 G2/mitotic-specific cyclin-A-like 	NC_035782.1	71437066	71440757	CpGoe_gene	3691
NC_035782.1	71446113	71486399	 DNA repair protein RAD50-like 	NC_035782.1	71446186	71487568	CpGoe_gene	40213
NC_035782.1	72755262	72784110	 DNA repair protein RAD50-like 	NC_035782.1	72754084	72784110	CpGoe_gene	28848
NC_035782.1	72787772	72791530	 G2/mitotic-specific cyclin-A-like 	NC_035782.1	72787771	72791530	CpGoe_gene	3758
NC_035782.1	72847592	72849895	HDACs	NC_035782.1	72847140	72850128	CpGoe_gene	2303
NC_035782.1	73173091	73178407	 mothers against decapentaplegic homolog 5-like 	NC_035782.1	73173090	73178407	CpGoe_gene	5316
NC_035782.1	73460581	73469787	 SWI/SNF-related matrix-associated actin-dependent regulator of chromatin subfamily A member 5-like 	NC_035782.1	73460580	73488585	CpGoe_gene	9206
NC_035782.1	74705772	74716488	 SWI/SNF-related matrix-associated actin-dependent regulator of chromatin subfamily A member 5-like 	NC_035782.1	74705771	74716461	CpGoe_gene	10689
NC_035782.1	75035687	75041010	 mothers against decapentaplegic homolog 5-like 	NC_035782.1	75035686	75041010	CpGoe_gene	5323
NC_035783.1	1968236	1995154	Transducin-like enhancer protein 4	NC_035783.1	1968235	1995154	CpGoe_gene	26918
NC_035783.1	3247729	3267897	Son of sevenless homolog 2-like	NC_035783.1	3247728	3267897	CpGoe_gene	20168
NC_035783.1	3442907	3443233	H2B	NC_035783.1	3442690	3443384	CpGoe_gene	326
NC_035783.1	3852085	3866491	Regulator of nonsense transcripts 1-like	NC_035783.1	3852084	3866491	CpGoe_gene	14406
NC_035783.1	4306273	4347457	Structural maintenance of chromosomes protein 5-like	NC_035783.1	4306272	4347457	CpGoe_gene	41184
NC_035783.1	5135797	5136123	H2B	NC_035783.1	5135558	5136267	CpGoe_gene	326
NC_035783.1	5891762	5915356	Serine/threonine-protein phosphatase 2A 56 kDa regulatory subunit delta isoform-like	NC_035783.1	5891761	5915356	CpGoe_gene	23594
NC_035783.1	6728312	6779164	Structural maintenance of chromosomes protein 5-like	NC_035783.1	6728321	6779156	CpGoe_gene	50835
NC_035783.1	7230243	7242736	Regulator of nonsense transcripts 1-like	NC_035783.1	7242732	7253471	CpGoe_gene	4
NC_035783.1	7230243	7242736	Regulator of nonsense transcripts 1-like	NC_035783.1	7230242	7242735	CpGoe_gene	12492
NC_035783.1	10002762	10007564	WD repeat-containing protein 92-like	NC_035783.1	10002761	10007564	CpGoe_gene	4802
NC_035783.1	11616159	11623633	Metastasis-associated protein MTA3-like	NC_035783.1	11616158	11623633	CpGoe_gene	7474
NC_035783.1	12880877	12906354	Uncharacterized	NC_035783.1	12880876	12906354	CpGoe_gene	25477
NC_035783.1	12881387	12904086	HMTs	NC_035783.1	12880876	12906354	CpGoe_gene	22699
NC_035783.1	14961435	14969046	Serum response factor-like	NC_035783.1	14961434	14969046	CpGoe_gene	7611
NC_035783.1	17397629	17418184	Proteasome activator complex subunit 4B-like	NC_035783.1	17397628	17418184	CpGoe_gene	20555
NC_035783.1	17998023	18004709	Presenilin-1-like	NC_035783.1	17998021	18004709	CpGoe_gene	6686
NC_035783.1	18388435	18397406	REST corepressor 3-like	NC_035783.1	18388140	18397406	CpGoe_gene	8971
NC_035783.1	18427661	18459453	Hypoxia-inducible factor 1-alpha-like	NC_035783.1	18427377	18461631	CpGoe_gene	31792
NC_035783.1	20326430	20339661	Integrator complex subunit 3-like	NC_035783.1	20326429	20339661	CpGoe_gene	13231
NC_035783.1	21900011	21908945	Ubiquitin carboxyl-terminal hydrolase 3-like	NC_035783.1	21900358	21908945	CpGoe_gene	8587
NC_035783.1	23045659	23060050	Uncharacterized	NC_035783.1	23045658	23060050	CpGoe_gene	14391
NC_035783.1	24891623	24897619	m7GpppN-mRNA hydrolase-like	NC_035783.1	24891622	24897619	CpGoe_gene	5996
NC_035783.1	30058623	30060912	Polyubiquitin-C-like	NC_035783.1	30058224	30060912	CpGoe_gene	2289
NC_035783.1	31255403	31271755	Proteasome subunit alpha type-6-like	NC_035783.1	31255402	31271755	CpGoe_gene	16352
NC_035783.1	32559688	32560062	H1	NC_035783.1	32559054	32560124	CpGoe_gene	374
NC_035783.1	33787799	33796830	Ubiquitin carboxyl-terminal hydrolase 3-like	NC_035783.1	33787798	33796830	CpGoe_gene	9031
NC_035783.1	34623541	34640199	DNA helicase INO80-like	NC_035783.1	34623540	34640199	CpGoe_gene	16658
NC_035783.1	34742794	34751311	HATs	NC_035783.1	34742085	34751455	CpGoe_gene	8517
NC_035783.1	36737329	36745747	Proteasome subunit alpha type-3-like	NC_035783.1	36737328	36745747	CpGoe_gene	8418
NC_035783.1	39443175	39443462	H2Apseudo?	NC_035783.1	39441749	39444128	CpGoe_gene	287
NC_035783.1	39444719	39445555	H1	NC_035783.1	39444350	39445597	CpGoe_gene	836
NC_035783.1	39446905	39447315	H3	NC_035783.1	39445656	39447474	CpGoe_gene	410
NC_035783.1	39448891	39449202	H4	NC_035783.1	39448708	39449426	CpGoe_gene	311
NC_035783.1	39450285	39450647	H2B	NC_035783.1	39450195	39450655	CpGoe_gene	362
NC_035783.1	39450920	39451300	H2A	NC_035783.1	39450679	39451676	CpGoe_gene	380
NC_035783.1	39480015	39503563	5'-3' exoribonuclease 2-like	NC_035783.1	39480014	39503564	CpGoe_gene	23548
NC_035783.1	39533567	39537750	Homeobox protein Nkx-2.1-like	NC_035783.1	39533613	39537754	CpGoe_gene	4137
NC_035783.1	39960050	39966291	26S proteasome non-ATPase regulatory subunit 8-like	NC_035783.1	39960049	39966282	CpGoe_gene	6232
NC_035783.1	40277739	40283881	Tyrosyl-DNA phosphodiesterase 1-like	NC_035783.1	40277747	40283970	CpGoe_gene	6134
NC_035783.1	41469699	41476363	Tyrosyl-DNA phosphodiesterase 1-like	NC_035783.1	41469698	41476429	CpGoe_gene	6664
NC_035783.1	41766733	41773678	26S proteasome non-ATPase regulatory subunit 8-like	NC_035783.1	41766723	41773654	CpGoe_gene	6921
NC_035783.1	42218326	42222513	Homeobox protein Nkx-2.1-like	NC_035783.1	42218325	42222513	CpGoe_gene	4187
NC_035783.1	42244333	42271712	5'-3' exoribonuclease 2-like	NC_035783.1	42244381	42271702	CpGoe_gene	27321
NC_035783.1	43148763	43200367	Steroid hormone receptor ERR2-like	NC_035783.1	43148762	43200367	CpGoe_gene	51604
NC_035783.1	44899019	44906102	Visual system homeobox 2-like	NC_035783.1	44899018	44906102	CpGoe_gene	7083
NC_035783.1	45139634	45145362	Neuronal PAS domain-containing protein 4-like	NC_035783.1	45139633	45145362	CpGoe_gene	5728
NC_035783.1	46717396	46741642	Lysine-specific demethylase 5A-like	NC_035783.1	46717395	46741642	CpGoe_gene	24246
NC_035783.1	46717525	46740007	HDMs	NC_035783.1	46717395	46741642	CpGoe_gene	22482
NC_035783.1	50980998	50985711	SNW domain-containing protein 1-like	NC_035783.1	50980997	50985711	CpGoe_gene	4713
NC_035783.1	52188511	52189083	H1	NC_035783.1	52188198	52189162	CpGoe_gene	572
NC_035783.1	53711267	53714541	H2B	.	-1	-1	.	0
NC_035783.1	54765049	54765150	H2Bpart	.	-1	-1	.	0
NC_035783.1	56026225	56092177	Cleavage and polyadenylation specificity factor subunit 2-like	NC_035783.1	56013095	56026228	CpGoe_gene	3
NC_035783.1	56026225	56092177	Cleavage and polyadenylation specificity factor subunit 2-like	NC_035783.1	56026224	56092174	CpGoe_gene	65949
NC_035783.1	56026225	56092177	Cleavage and polyadenylation specificity factor subunit 2-like	NC_035783.1	56044414	56055061	CpGoe_gene	10647
NC_035783.1	57019941	57042769	Chromodomain-helicase-DNA-binding protein 1-like	NC_035783.1	57019939	57042769	CpGoe_gene	22828
NC_035783.1	59109917	59182217	Cleavage and polyadenylation specificity factor subunit 2-like	NC_035783.1	59149925	59161120	CpGoe_gene	11195
NC_035783.1	59109917	59182217	Cleavage and polyadenylation specificity factor subunit 2-like	NC_035783.1	59182213	59193804	CpGoe_gene	4
NC_035783.1	59109917	59182217	Cleavage and polyadenylation specificity factor subunit 2-like	NC_035783.1	59109916	59182216	CpGoe_gene	72299
NC_035784.1	3917727	3953351	 helicase domino-like 	NC_035784.1	3917726	3953351	CpGoe_gene	35624
NC_035784.1	5645284	5653982	 serine/threonine-protein phosphatase 4 catalytic subunit 	NC_035784.1	5645281	5653995	CpGoe_gene	8698
NC_035784.1	5915226	5939264	 CCR4-NOT transcription complex subunit 1-like 	NC_035784.1	5915225	5939254	CpGoe_gene	24028
NC_035784.1	6860010	6887638	 CCR4-NOT transcription complex subunit 1-like 	NC_035784.1	6860009	6887638	CpGoe_gene	27628
NC_035784.1	7607646	7621577	 ATP-dependent RNA helicase A-like 	NC_035784.1	7607645	7621577	CpGoe_gene	13931
NC_035784.1	7858680	7863565	 Y-box factor homolog 	NC_035784.1	7858679	7863565	CpGoe_gene	4885
NC_035784.1	9369253	9375276	 INO80 complex subunit B-like 	NC_035784.1	9368758	9375276	CpGoe_gene	6023
NC_035784.1	9397512	9401161	 14-3-3 protein epsilon-like 	NC_035784.1	9397511	9401161	CpGoe_gene	3649
NC_035784.1	9525758	9529410	 14-3-3 protein epsilon-like 	NC_035784.1	9525757	9529410	CpGoe_gene	3652
NC_035784.1	9558402	9564322	 INO80 complex subunit B-like 	NC_035784.1	9558388	9564810	CpGoe_gene	5920
NC_035784.1	10218433	10229410	 FACT complex subunit SSRP1-like 	NC_035784.1	10218432	10235843	CpGoe_gene	10977
NC_035784.1	13791428	13793278	HDMs	NC_035784.1	13791412	13793278	CpGoe_gene	1850
NC_035784.1	14132625	14151327	 cleavage and polyadenylation specificity factor subunit 5-like 	NC_035784.1	14132624	14151327	CpGoe_gene	18702
NC_035784.1	17287256	17368526	 ATP-dependent DNA helicase Q4-like 	NC_035784.1	17324563	17353123	CpGoe_gene	28560
NC_035784.1	17287256	17368526	 ATP-dependent DNA helicase Q4-like 	NC_035784.1	17287255	17368526	CpGoe_gene	81270
NC_035784.1	19611353	19621765	 DNA fragmentation factor subunit beta-like 	NC_035784.1	19611352	19621765	CpGoe_gene	10412
NC_035784.1	21693294	21710431	 hepatocyte nuclear factor 4-gamma-like 	NC_035784.1	21693293	21714051	CpGoe_gene	17137
NC_035784.1	27880785	27888360	HDACs	NC_035784.1	27880781	27888370	CpGoe_gene	7575
NC_035784.1	31113587	31140108	 chromodomain-helicase-DNA-binding protein 8-like 	NC_035784.1	31113586	31140108	CpGoe_gene	26521
NC_035784.1	31572840	31598126	 chromodomain-helicase-DNA-binding protein 8-like 	NC_035784.1	31572839	31598126	CpGoe_gene	25286
NC_035784.1	35147230	35163595	 tyrosine-protein phosphatase non-receptor type 11-like 	NC_035784.1	35147229	35163595	CpGoe_gene	16365
NC_035784.1	35270145	35287952	 serine/threonine-protein kinase TAO1-like 	NC_035784.1	35270144	35287952	CpGoe_gene	17807
NC_035784.1	36646230	36652256	 protein CBFA2T1-like 	NC_035784.1	36621680	36652256	CpGoe_gene	6026
NC_035784.1	36777123	36788966	 FACT complex subunit SPT16-like 	NC_035784.1	36777122	36788966	CpGoe_gene	11843
NC_035784.1	36791265	36801233	 DNA topoisomerase I_ mitochondrial-like 	NC_035784.1	36791264	36801233	CpGoe_gene	9968
NC_035784.1	37953890	37959702	 ras-like GTP-binding protein RHO 	NC_035784.1	37952302	37955201	CpGoe_gene	1311
NC_035784.1	37953890	37959702	 ras-like GTP-binding protein RHO 	NC_035784.1	37955707	37958664	CpGoe_gene	2957
NC_035784.1	40071679	40075141	 cdc42 homolog 	NC_035784.1	40071678	40075141	CpGoe_gene	3462
NC_035784.1	41621401	41650846	 serine/arginine repetitive matrix protein 2-like 	NC_035784.1	41621400	41655591	CpGoe_gene	29445
NC_035784.1	44511285	44542649	 lymphoid-specific helicase-like 	NC_035784.1	44494014	44543924	CpGoe_gene	31364
NC_035784.1	46106857	46127201	HDMs	NC_035784.1	46106682	46127500	CpGoe_gene	20344
NC_035784.1	46302283	46314309	 DNA replication licensing factor mcm4-A-like 	NC_035784.1	46302282	46324106	CpGoe_gene	12026
NC_035784.1	46445071	46447450	HDMs	NC_035784.1	46445070	46447737	CpGoe_gene	2379
NC_035784.1	46445071	46447450	HDMs	NC_035784.1	46439654	46450266	CpGoe_gene	2379
NC_035784.1	46799737	46800018	H4part	.	-1	-1	.	0
NC_035784.1	46802924	46803148	H4part	.	-1	-1	.	0
NC_035784.1	47863833	47863898	cenH3part	.	-1	-1	.	0
NC_035784.1	47867446	47867571	cenH3part	.	-1	-1	.	0
NC_035784.1	48650084	48654902	 TIP41-like protein 	NC_035784.1	48649151	48656983	CpGoe_gene	4818
NC_035784.1	50419298	50427916	 guanine nucleotide-binding protein subunit beta 	NC_035784.1	50419297	50427916	CpGoe_gene	8618
NC_035784.1	53976716	54005565	 transcription elongation factor SPT6-like 	NC_035784.1	53976715	54005868	CpGoe_gene	28849
NC_035784.1	53976716	54005565	 transcription elongation factor SPT6-like 	NC_035784.1	53997021	54001893	CpGoe_gene	4872
NC_035784.1	55911911	55918773	 T-box transcription factor TBX2-B-like 	NC_035784.1	55911910	55918773	CpGoe_gene	6862
NC_035784.1	55953067	55969184	 T-box transcription factor TBX2-like 	NC_035784.1	55937947	55969184	CpGoe_gene	16117
NC_035784.1	57225493	57230929	 sal-like protein 3 	NC_035784.1	57225492	57230929	CpGoe_gene	5436
NC_035784.1	57225493	57230929	 transcription factor E2F5-like 	NC_035784.1	57225492	57230929	CpGoe_gene	5436
NC_035784.1	57706541	57708094	 transcription factor HES-1-B-like 	NC_035784.1	57706540	57708094	CpGoe_gene	1553
NC_035784.1	59235183	59241176	 GTP-binding protein 128up 	NC_035784.1	59235182	59241176	CpGoe_gene	5993
NC_035784.1	59344391	59373976	 chromodomain-helicase-DNA-binding protein Mi-2 homolog 	NC_035784.1	59344390	59374488	CpGoe_gene	29585
NC_035784.1	59399036	59412638	 chromodomain-helicase-DNA-binding protein Mi-2 homolog 	NC_035784.1	59399035	59412638	CpGoe_gene	13602
NC_035784.1	60374093	60391288	 DNA ligase 3-like 	NC_035784.1	60374092	60391288	CpGoe_gene	17195
NC_035784.1	62250510	62275796	HDMs	NC_035784.1	62248240	62259164	CpGoe_gene	8654
NC_035784.1	62250510	62275796	HDMs	NC_035784.1	62259775	62276776	CpGoe_gene	16021
NC_035784.1	62250510	62275796	HDMs	NC_035784.1	62247222	62285188	CpGoe_gene	25286
NC_035784.1	65293041	65302394	HATs	NC_035784.1	65291514	65302947	CpGoe_gene	9353
NC_035784.1	65950127	65969816	 structural maintenance of chromosomes protein 4-like 	NC_035784.1	65950126	65969816	CpGoe_gene	19689
NC_035784.1	67686073	67717687	 STE20-like serine/threonine-protein kinase 	NC_035784.1	67686071	67717687	CpGoe_gene	31614
NC_035784.1	68959319	68966930	 DNA repair protein complementing XP-G cells homolog 	NC_035784.1	68959318	68966930	CpGoe_gene	7611
NC_035784.1	70520324	70529083	 poly	NC_035784.1	70520323	70529083	CpGoe_gene	8759
NC_035784.1	72707824	72714808	 KAT8 regulatory NSL complex subunit 3-like 	NC_035784.1	72707823	72714808	CpGoe_gene	6984
NC_035784.1	80398375	80398776	H2A.X_2	NC_035784.1	80398374	80398818	CpGoe_gene	401
NC_035784.1	80695778	80711292	 condensin complex subunit 2-like 	NC_035784.1	80696194	80709676	CpGoe_gene	13482
NC_035784.1	80951826	80970849	Helicase ARIP4-like	NC_035784.1	80951825	80970849	CpGoe_gene	19023
NC_035784.1	81053385	81059220	Ras-like GTP-binding protein RHO	NC_035784.1	81053384	81062099	CpGoe_gene	5835
NC_035784.1	81262207	81262608	H2A.X_2	NC_035784.1	81261720	81262629	CpGoe_gene	401
NC_035784.1	81576166	81688825	 condensin complex subunit 2-like 	NC_035784.1	81576165	81590766	CpGoe_gene	14600
NC_035784.1	81576166	81688825	 condensin complex subunit 2-like 	NC_035784.1	81625976	81628200	CpGoe_gene	2224
NC_035784.1	81576166	81688825	 condensin complex subunit 2-like 	NC_035784.1	81648415	81650785	CpGoe_gene	2370
NC_035784.1	81576166	81688825	 condensin complex subunit 2-like 	NC_035784.1	81675198	81677698	CpGoe_gene	2500
NC_035784.1	81576166	81688825	 condensin complex subunit 2-like 	NC_035784.1	81584267	81611965	CpGoe_gene	27698
NC_035784.1	81576166	81688825	 condensin complex subunit 2-like 	NC_035784.1	81621877	81640358	CpGoe_gene	18481
NC_035784.1	81576166	81688825	 condensin complex subunit 2-like 	NC_035784.1	81666562	81688784	CpGoe_gene	22222
NC_035784.1	81576166	81688825	 condensin complex subunit 2-like 	NC_035784.1	81592052	81665447	CpGoe_gene	73395
NC_035784.1	85074222	85079962	 TIP41-like protein 	NC_035784.1	85074221	85079962	CpGoe_gene	5740
NC_035784.1	88156801	88165944	 DNA-directed RNA polymerase II subunit RPB2-like 	NC_035784.1	88165470	88175835	CpGoe_gene	474
NC_035784.1	88156801	88165944	 DNA-directed RNA polymerase II subunit RPB2-like 	NC_035784.1	88158913	88201325	CpGoe_gene	7031
NC_035784.1	88156801	88165944	 DNA-directed RNA polymerase II subunit RPB2-like 	NC_035784.1	87936112	88256082	CpGoe_gene	9143
NC_035784.1	88211485	88233595	 DNA-directed RNA polymerase II subunit RPB2-like 	NC_035784.1	88233594	88243860	CpGoe_gene	1
NC_035784.1	88211485	88233595	 DNA-directed RNA polymerase II subunit RPB2-like 	NC_035784.1	88225733	88233219	CpGoe_gene	7486
NC_035784.1	88211485	88233595	 DNA-directed RNA polymerase II subunit RPB2-like 	NC_035784.1	88201223	88228133	CpGoe_gene	16648
NC_035784.1	88211485	88233595	 DNA-directed RNA polymerase II subunit RPB2-like 	NC_035784.1	87936112	88256082	CpGoe_gene	22110
NC_035784.1	88243860	88255938	 DNA-directed RNA polymerase II subunit RPB2-like 	NC_035784.1	88255529	88267631	CpGoe_gene	409
NC_035784.1	88243860	88255938	 DNA-directed RNA polymerase II subunit RPB2-like 	NC_035784.1	87936112	88256082	CpGoe_gene	12078
NC_035784.1	88256041	88267631	 DNA-directed RNA polymerase II subunit RPB2 	NC_035784.1	88255529	88267631	CpGoe_gene	11590
NC_035784.1	88256041	88267631	 DNA-directed RNA polymerase II subunit RPB2 	NC_035784.1	87936112	88256082	CpGoe_gene	41
NC_035784.1	90003411	90009201	 THO complex subunit 3-like 	NC_035784.1	90003410	90009201	CpGoe_gene	5790
NC_035785.1	8229549	8245616	HDACs	NC_035785.1	8229104	8246471	CpGoe_gene	16067
NC_035785.1	10383667	10408269	Unconventional myosin-VI-like	NC_035785.1	10383666	10408269	CpGoe_gene	24602
NC_035785.1	10633000	10657203	Unconventional myosin-VI-like	NC_035785.1	10632999	10657203	CpGoe_gene	24203
NC_035785.1	11852147	11857921	HDACs	NC_035785.1	11851270	11858419	CpGoe_gene	5774
NC_035785.1	16142309	16154278	Tumor susceptibility gene 101 protein-like	NC_035785.1	16142308	16154278	CpGoe_gene	11969
NC_035785.1	19987063	19998446	HDMs	NC_035785.1	19987971	19998446	CpGoe_gene	10475
NC_035785.1	32425252	32440132	F-box-like/WD repeat-containing protein TBL1XR1	NC_035785.1	32424943	32440132	CpGoe_gene	14880
NC_035785.1	34988311	35023840	DNA-directed RNA polymerase II subunit RPB1-like	NC_035785.1	34988310	35023840	CpGoe_gene	35529
NC_035785.1	35205961	35217665	Ras-related C3 botulinum toxin substrate 2-like	NC_035785.1	35205960	35217665	CpGoe_gene	11704
NC_035785.1	36009990	36014983	U6 snRNA-associated Sm-like protein LSm1	NC_035785.1	36009989	36014983	CpGoe_gene	4993
NC_035785.1	37306507	37322443	Histone-lysine N-methyltransferase NSD2-like	NC_035785.1	37306506	37322443	CpGoe_gene	15936
NC_035785.1	37693800	37702183	Homeobox protein Nkx-2.5-like	NC_035785.1	37693799	37702183	CpGoe_gene	8383
NC_035785.1	41449549	41457993	HDACs	NC_035785.1	41448736	41458562	CpGoe_gene	8444
NC_035785.1	42856538	42883274	HDMs	NC_035785.1	42856402	42885525	CpGoe_gene	26736
NC_035785.1	43712614	43760335	Lysine-specific demethylase 3A-like	NC_035785.1	43712613	43760335	CpGoe_gene	47721
NC_035786.1	46937	54339	 DNA-directed RNA polymerases I_ II_ and III subunit RPABC1 	NC_035786.1	46929	54360	CpGoe_gene	7402
NC_035786.1	553757	599349	 cell division cycle 5-like protein 	NC_035786.1	553756	599349	CpGoe_gene	45592
NC_035786.1	1551753	1552163	H3	NC_035786.1	1551629	1552163	CpGoe_gene	410
NC_035786.1	1558587	1673227	 negative elongation factor D-like 	NC_035786.1	1592681	1596277	CpGoe_gene	3596
NC_035786.1	1558587	1673227	 negative elongation factor D-like 	NC_035786.1	1558586	1683442	CpGoe_gene	114640
NC_035786.1	2491322	2496576	 DNA-directed RNA polymerases I_ II_ and III subunit RPABC1 	NC_035786.1	2491321	2496576	CpGoe_gene	5254
NC_035786.1	4370138	4371569	HDACs	NC_035786.1	4369950	4371619	CpGoe_gene	1431
NC_035786.1	5535398	5537373	HDACs	NC_035786.1	5535347	5537529	CpGoe_gene	1975
NC_035786.1	19289767	19324669	HDMs	NC_035786.1	19309359	19312769	CpGoe_gene	3410
NC_035786.1	19289767	19324669	HDMs	NC_035786.1	19289670	19324808	CpGoe_gene	34902
NC_035786.1	22199573	22210502	HDMs	NC_035786.1	22203925	22205136	CpGoe_gene	1211
NC_035786.1	22199573	22210502	HDMs	NC_035786.1	22205144	22205703	CpGoe_gene	559
NC_035786.1	22199573	22210502	HDMs	NC_035786.1	22207793	22208299	CpGoe_gene	506
NC_035786.1	22199573	22210502	HDMs	NC_035786.1	22199328	22203475	CpGoe_gene	3902
NC_035786.1	26858946	26859767	H1	NC_035786.1	26858855	26859916	CpGoe_gene	821
NC_035786.1	27568444	27569259	H1	NC_035786.1	27568351	27569396	CpGoe_gene	815
NC_035786.1	36980068	36991222	 ubiquitin carboxyl-terminal hydrolase 16-like 	NC_035786.1	36980067	36991222	CpGoe_gene	11154
NC_035786.1	39764392	39774075	 ubiquitin carboxyl-terminal hydrolase 16-like 	NC_035786.1	39764379	39773915	CpGoe_gene	9523
NC_035786.1	41439060	41449755	 histone-binding protein RBBP4 	NC_035786.1	41439059	41449767	CpGoe_gene	10695
NC_035786.1	41439066	41440087	 histone-binding protein RBBP7-like 	NC_035786.1	41439059	41449767	CpGoe_gene	1021
NC_035786.1	42282807	42306526	 mitogen-activated protein kinase kinase kinase 7-like 	NC_035786.1	42282806	42306529	CpGoe_gene	23719
NC_035786.1	43101533	43102575	 histone-binding protein RBBP7-like 	NC_035786.1	43101532	43102575	CpGoe_gene	1042
NC_035786.1	43121305	43122335	 histone-binding protein RBBP7-like 	NC_035786.1	43121471	43123483	CpGoe_gene	864
NC_035786.1	43204530	43218736	 histone-binding protein RBBP4 	NC_035786.1	43204529	43218748	CpGoe_gene	14206
NC_035786.1	43204536	43205557	 histone-binding protein RBBP7-like 	NC_035786.1	43204529	43218748	CpGoe_gene	1021
NC_035786.1	44108977	44130149	 mitogen-activated protein kinase kinase kinase 7-like 	NC_035786.1	44108884	44130147	CpGoe_gene	21170
NC_035786.1	48650084	48654902	 TIP41-like protein 	NC_035786.1	48650147	48654902	CpGoe_gene	4755
NC_035786.1	56854305	56868841	 SWI/SNF-related matrix-associated actin-dependent regulator of chromatin subfamily E member 1-like 	NC_035786.1	56852309	56868841	CpGoe_gene	14536
NC_035787.1	7168958	7175107	Histone-lysine N-methyltransferase SUV39H2-like	NC_035787.1	7168957	7174408	CpGoe_gene	5450
NC_035787.1	7872766	7879290	Histone-lysine N-methyltransferase SUV39H2-like	NC_035787.1	7872770	7879290	CpGoe_gene	6520
NC_035787.1	8604926	8619789	Host cell factor 1-like	NC_035787.1	8604925	8619789	CpGoe_gene	14863
NC_035787.1	13215171	13232990	MAP kinase-activated protein kinase 2-like	NC_035787.1	13215170	13232990	CpGoe_gene	17819
NC_035787.1	13391551	13402249	HDMs	NC_035787.1	13391495	13400057	CpGoe_gene	8506
NC_035787.1	13391551	13402249	HDMs	NC_035787.1	13400293	13403228	CpGoe_gene	1956
NC_035787.1	13728600	13739462	HDACs	NC_035787.1	13727995	13740182	CpGoe_gene	10862
NC_035787.1	14093422	14095334	Intraflagellar transport protein 57 homolog	NC_035787.1	14093421	14095334	CpGoe_gene	1912
NC_035787.1	14093422	14095334	Intraflagellar transport protein 57 homolog	NC_035787.1	13922612	14191648	CpGoe_gene	1912
NC_035787.1	14656332	14666777	HDACs	NC_035787.1	14654256	14667408	CpGoe_gene	10445
NC_035787.1	15186577	15204097	MAP kinase-activated protein kinase 2-like	NC_035787.1	15186606	15204090	CpGoe_gene	17484
NC_035787.1	17620237	17633789	Mitogen-activated protein kinase 14A-like	NC_035787.1	17620236	17633787	CpGoe_gene	13550
NC_035787.1	19266301	19279601	Mitogen-activated protein kinase 14A-like	NC_035787.1	19266300	19279601	CpGoe_gene	13300
NC_035787.1	20272281	20289509	HDMs	NC_035787.1	20272173	20289648	CpGoe_gene	17228
NC_035787.1	23654200	23670970	Structural maintenance of chromosomes protein 1A-like	NC_035787.1	23654204	23670964	CpGoe_gene	16760
NC_035787.1	23998613	24001949	Small nuclear ribonucleoprotein F	NC_035787.1	23998612	24001949	CpGoe_gene	3336
NC_035787.1	25843485	25848259	Small nuclear ribonucleoprotein F	NC_035787.1	25843484	25848259	CpGoe_gene	4774
NC_035787.1	26109804	26122694	Structural maintenance of chromosomes protein 1A-like	NC_035787.1	26109803	26122694	CpGoe_gene	12890
NC_035787.1	28987529	29000354	Transketolase-like protein 2	NC_035787.1	28987528	29000354	CpGoe_gene	12825
NC_035787.1	34965462	34980764	RNA-binding protein 5-like	NC_035787.1	34971996	34975047	CpGoe_gene	3051
NC_035787.1	34965462	34980764	RNA-binding protein 5-like	NC_035787.1	34965461	34980764	CpGoe_gene	15302
NC_035787.1	37860681	37870842	Paired box protein Pax-8-like	NC_035787.1	37860678	37870842	CpGoe_gene	10161
NC_035787.1	37860681	37870842	Paired box protein Pax-8-like	NC_035787.1	37830869	37907696	CpGoe_gene	10161
NC_035787.1	37908115	37918257	Paired box protein Pax-8-like	NC_035787.1	37908114	37918257	CpGoe_gene	10142
NC_035787.1	37951017	37959702	Ras-like GTP-binding protein RHO	NC_035787.1	37951016	37959694	CpGoe_gene	8677
NC_035787.1	38044159	38064188	Helicase ARIP4-like	NC_035787.1	38044158	38064188	CpGoe_gene	20029
NC_035787.1	38776128	38794915	RNA-binding protein 5-like	NC_035787.1	38776127	38794908	CpGoe_gene	18780
NC_035787.1	42976330	42978155	HDMs	NC_035787.1	42969005	42982466	CpGoe_gene	1825
NC_035787.1	43814440	43890601	HDACs	NC_035787.1	43808628	43891126	CpGoe_gene	76161
NC_035787.1	43814440	43890601	HDACs	NC_035787.1	43859272	43872099	CpGoe_gene	12827
NC_035787.1	46241576	46353097	HATs	NC_035787.1	46241575	46251120	CpGoe_gene	9544
NC_035787.1	46241576	46353097	HATs	NC_035787.1	46254905	46256030	CpGoe_gene	1125
NC_035787.1	46241576	46353097	HATs	NC_035787.1	46262281	46264470	CpGoe_gene	2189
NC_035787.1	46241576	46353097	HATs	NC_035787.1	46327380	46328399	CpGoe_gene	1019
NC_035787.1	46241576	46353097	HATs	NC_035787.1	46330482	46332316	CpGoe_gene	1834
NC_035787.1	46241576	46353097	HATs	NC_035787.1	46334246	46335376	CpGoe_gene	1130
NC_035787.1	46241576	46353097	HATs	NC_035787.1	46340343	46345849	CpGoe_gene	5506
NC_035787.1	46241576	46353097	HATs	NC_035787.1	46207391	46241656	CpGoe_gene	80
NC_035787.1	46241576	46353197	Histone acetyltransferase KAT2B-like	NC_035787.1	46241575	46251120	CpGoe_gene	9544
NC_035787.1	46241576	46353197	Histone acetyltransferase KAT2B-like	NC_035787.1	46254905	46256030	CpGoe_gene	1125
NC_035787.1	46241576	46353197	Histone acetyltransferase KAT2B-like	NC_035787.1	46262281	46264470	CpGoe_gene	2189
NC_035787.1	46241576	46353197	Histone acetyltransferase KAT2B-like	NC_035787.1	46327380	46328399	CpGoe_gene	1019
NC_035787.1	46241576	46353197	Histone acetyltransferase KAT2B-like	NC_035787.1	46330482	46332316	CpGoe_gene	1834
NC_035787.1	46241576	46353197	Histone acetyltransferase KAT2B-like	NC_035787.1	46334246	46335376	CpGoe_gene	1130
NC_035787.1	46241576	46353197	Histone acetyltransferase KAT2B-like	NC_035787.1	46340343	46345849	CpGoe_gene	5506
NC_035787.1	46241576	46353197	Histone acetyltransferase KAT2B-like	NC_035787.1	46207391	46241656	CpGoe_gene	80
NC_035787.1	46248694	46250924	Histone acetyltransferase KAT2B-like	NC_035787.1	46241575	46251120	CpGoe_gene	2230
NC_035787.1	46248726	46250806	HATs	NC_035787.1	46241575	46251120	CpGoe_gene	2080
NC_035787.1	46330483	46332316	Histone acetyltransferase KAT2B-like	NC_035787.1	46330482	46332316	CpGoe_gene	1833
NC_035787.1	46330515	46332182	HATs	NC_035787.1	46330482	46332316	CpGoe_gene	1667
NC_035787.1	47441091	47463146	DnaJ homolog subfamily C member 2-like	NC_035787.1	47451913	47453867	CpGoe_gene	1954
NC_035787.1	47441091	47463146	DnaJ homolog subfamily C member 2-like	NC_035787.1	47457866	47465500	CpGoe_gene	5280
NC_035787.1	47441091	47463146	DnaJ homolog subfamily C member 2-like	NC_035787.1	47441090	47451708	CpGoe_gene	10617
NC_035787.1	48329451	48401732	E3 ubiquitin-protein ligase HUWE1-like	NC_035787.1	48376365	48379632	CpGoe_gene	3267
NC_035787.1	48329451	48401732	E3 ubiquitin-protein ligase HUWE1-like	NC_035787.1	48329450	48401732	CpGoe_gene	72281
NC_035787.1	50899350	50905080	Ubiquitin-conjugating enzyme E2 N	NC_035787.1	50899349	50905080	CpGoe_gene	5730
NC_035787.1	51443438	51447447	Dual specificity tyrosine-phosphorylation-regulated kinase 2-like	NC_035787.1	51443437	51447447	CpGoe_gene	4009
NC_035787.1	55884967	55895738	Retinoic acid receptor beta-like	NC_035787.1	55871557	55895738	CpGoe_gene	10771
NC_035787.1	55931839	55949256	HDACs	NC_035787.1	55931408	55953339	CpGoe_gene	17417
NC_035787.1	60373811	60378368	Proteasome subunit alpha type-5-like	NC_035787.1	60373810	60378368	CpGoe_gene	4557
NC_035787.1	62442649	62454373	U4/U6 small nuclear ribonucleoprotein Prp3-like	NC_035787.1	62442648	62454373	CpGoe_gene	11724
NC_035787.1	69302602	69307526	26S proteasome non-ATPase regulatory subunit 6-like	NC_035787.1	69302635	69307502	CpGoe_gene	4867
NC_035787.1	69781285	69784711	HATs	NC_035787.1	69780470	69784739	CpGoe_gene	3426
NC_035787.1	70963589	70968278	26S proteasome non-ATPase regulatory subunit 6-like	NC_035787.1	70963588	70968278	CpGoe_gene	4689
NC_035787.1	70963589	70968278	26S proteasome non-ATPase regulatory subunit 6-like	NC_035787.1	70947518	71001762	CpGoe_gene	4689
NC_035787.1	71772207	71775741	HATs	NC_035787.1	71771995	71775797	CpGoe_gene	3534
NC_035787.1	71772207	71775741	HATs	NC_035787.1	71775662	71782340	CpGoe_gene	79
NC_035787.1	73253748	73262764	U4/U6 small nuclear ribonucleoprotein Prp3-like	NC_035787.1	73253757	73262705	CpGoe_gene	8948
NC_035788.1	1391306	1412601	 SWI/SNF-related matrix-associated actin-dependent regulator of chromatin subfamily D member 1-like 	NC_035788.1	1391732	1412619	CpGoe_gene	20869
NC_035788.1	1824561	1845232	 SWI/SNF-related matrix-associated actin-dependent regulator of chromatin subfamily D member 1-like 	NC_035788.1	1824560	1845232	CpGoe_gene	20671
NC_035788.1	12901213	12909893	Transformation/transcription domain-associated protein-like	NC_035788.1	12884747	12921624	CpGoe_gene	8680
NC_035788.1	12981607	12989980	Transformation/transcription domain-associated protein-like	NC_035788.1	12973931	13040233	CpGoe_gene	8373
NC_035788.1	13040259	13060569	Transformation/transcription domain-associated protein-like 	NC_035788.1	13044921	13047440	CpGoe_gene	2519
NC_035788.1	13040259	13060569	Transformation/transcription domain-associated protein-like 	NC_035788.1	13052739	13055046	CpGoe_gene	2307
NC_035788.1	13040259	13060569	Transformation/transcription domain-associated protein-like 	NC_035788.1	13047716	13058900	CpGoe_gene	11184
NC_035788.1	39978894	39997208	 paired amphipathic helix protein Sin3a-like 	NC_035788.1	39978893	39997981	CpGoe_gene	18314
NC_035788.1	43253142	43275092	 paired amphipathic helix protein Sin3a-like 	NC_035788.1	43252369	43275108	CpGoe_gene	21950
NC_035788.1	52155947	52172593	 RNA polymerase-associated protein RTF1 homolog 	NC_035788.1	52156887	52162651	CpGoe_gene	5764
NC_035788.1	52155947	52172593	 RNA polymerase-associated protein RTF1 homolog 	NC_035788.1	52155946	52172593	CpGoe_gene	16646
NC_035788.1	63479752	63496483	 splicing factor 3B subunit 1-like 	NC_035788.1	63479751	63496483	CpGoe_gene	16731
NC_035788.1	64520555	64558991	HDACs	NC_035788.1	64495381	64560185	CpGoe_gene	38436
NC_035788.1	79126124	79137474	 polycomb complex protein BMI-1-A-like 	NC_035788.1	79126123	79137474	CpGoe_gene	11350
NC_035788.1	80150372	80151368	 GTP-binding nuclear protein Ran 	NC_035788.1	80150371	80151368	CpGoe_gene	996
NC_035788.1	84732891	84739951	 corepressor interacting with RBPJ 1-like 	NC_035788.1	84732890	84739951	CpGoe_gene	7060
NC_035788.1	88447081	88475561	 SWI/SNF-related matrix-associated actin-dependent regulator of chromatin subfamily A-like protein 1 	NC_035788.1	88447080	88475613	CpGoe_gene	28480
NC_035788.1	89827057	89845325	 SWI/SNF-related matrix-associated actin-dependent regulator of chromatin subfamily A-like protein 1 	NC_035788.1	89827056	89845325	CpGoe_gene	18268
NC_035789.1	22837854	22847151	Transformation/transcription domain-associated protein-like	NC_035789.1	22829279	22852322	CpGoe_gene	9297
NC_035789.1	22873124	22887462	Transformation/transcription domain-associated protein-like	NC_035789.1	22885180	22886334	CpGoe_gene	1154
NC_035789.1	22972379	22983236	Transformation/transcription domain-associated protein-like	NC_035789.1	22972378	22983236	CpGoe_gene	10857
NC_035789.1	23011284	23023787	Transformation/transcription domain-associated protein-like	NC_035789.1	22991003	23036991	CpGoe_gene	12503
NC_035789.1	23051893	23059440	Transformation/transcription domain-associated protein-like	NC_035789.1	23046995	23139360	CpGoe_gene	7547
NC_035789.1	23086162	23097051	Transformation/transcription domain-associated protein-like	NC_035789.1	23046995	23139360	CpGoe_gene	10889
